#
# A fatal error has been detected by the Java Runtime Environment:
#
#  SIGSEGV (0xb) at pc=0x012d436e, pid=8646, tid=2043771760
#
# JRE version: 6.0_23-b23
# Java VM: OpenJDK Server VM (20.0-b11 mixed mode linux-x86 )
# Derivative: IcedTea6 1.11pre
# Distribution: Ubuntu 11.10, package 6b23~pre11-0ubuntu1.11.10
# Problematic frame:
# V  [libjvm.so+0x65036e]  UNICODE::utf8_length(unsigned short*, int)+0x1e
#
# If you would like to submit a bug report, please include
# instructions how to reproduce the bug and visit:
#   https://bugs.launchpad.net/ubuntu/+source/openjdk-6/
#

---------------  T H R E A D  ---------------

Current thread (0x09e6d800):  JavaThread "JDWP Transport Listener: dt_socket" daemon [_thread_in_vm, id=8662, stack(0x79cc7000,0x79d18000)]

siginfo:si_signo=SIGSEGV: si_errno=0, si_code=1 (SEGV_MAPERR), si_addr=0x0000000c

Registers:
EAX=0x00000000, EBX=0x014e6ff4, ECX=0x00000000, EDX=0x00000000
ESP=0x79d16c90, EBP=0x0000000c, ESI=0x00000000, EDI=0x00000004
EIP=0x012d436e, EFLAGS=0x00210246, CR2=0x0000000c

Top of Stack: (sp=0x79d16c90)
0x79d16c90:   00000000 09f2c9d0 79d16cf8 0101fccc
0x79d16ca0:   0000000c 00000004 0087b8fb 09e6d800
0x79d16cb0:   008acff4 014e6ff4 09e6d800 0102d416
0x79d16cc0:   a3bede78 09e6d800 09dfbd2c 014e6ff4
0x79d16cd0:   00000032 09da30b0 09e71a98 a3bede78
0x79d16ce0:   09f2c9d0 79d16d9c 09e6d800 00000000
0x79d16cf0:   09f2c9d0 79d16d9c 09e6d800 09e6d800
0x79d16d00:   00000190 00000008 00897d4b 008acff4 

Instructions: (pc=0x012d436e)
0x012d434e:   66 90 55 57 56 31 c0 8b 7c 24 14 8b 6c 24 10 85
0x012d435e:   ff 7e 2a 31 d2 eb 09 8d 76 00 40 42 39 fa 74 1d
0x012d436e:   66 8b 4c 55 00 8d 71 ff 66 83 fe 7e 76 ec 66 81
0x012d437e:   f9 ff 07 77 0d 42 83 c0 02 39 fa 75 e3 5e 5f 5d 

Register to memory mapping:

EAX=0x00000000 is an unknown value
EBX=0x014e6ff4: <offset 0x862ff4> in /usr/lib/jvm/java-6-openjdk/jre/lib/i386/server/libjvm.so at 0x00c84000
ECX=0x00000000 is an unknown value
EDX=0x00000000 is an unknown value
ESP=0x79d16c90 is pointing into the stack for thread: 0x09e6d800
EBP=0x0000000c is an unknown value
ESI=0x00000000 is an unknown value
EDI=0x00000004 is an unknown value


Stack: [0x79cc7000,0x79d18000],  sp=0x79d16c90,  free space=319k
Native frames: (J=compiled Java code, j=interpreted, Vv=VM code, C=native code)
V  [libjvm.so+0x65036e]  UNICODE::utf8_length(unsigned short*, int)+0x1e

[error occurred during error reporting (printing native stack), id 0xb]


---------------  P R O C E S S  ---------------

Java Threads: ( => current thread )
  0x79a00800 JavaThread "Low Memory Detector" daemon [_thread_blocked, id=8672, stack(0x799af000,0x79a00000)]
  0x09e7c400 JavaThread "C2 CompilerThread1" daemon [_thread_blocked, id=8671, stack(0x79b23000,0x79ba4000)]
  0x09e7a800 JavaThread "C2 CompilerThread0" daemon [_thread_blocked, id=8670, stack(0x79ba4000,0x79c25000)]
  0x09e71c00 JavaThread "JDWP Command Reader" daemon [_thread_in_native, id=8666, stack(0x79c25000,0x79c76000)]
  0x09e70400 JavaThread "JDWP Event Helper Thread" daemon [_thread_blocked, id=8664, stack(0x79c76000,0x79cc7000)]
=>0x09e6d800 JavaThread "JDWP Transport Listener: dt_socket" daemon [_thread_in_vm, id=8662, stack(0x79cc7000,0x79d18000)]
  0x09e66000 JavaThread "Signal Dispatcher" daemon [_thread_blocked, id=8660, stack(0x79d18000,0x79d69000)]
  0x09e56c00 JavaThread "Finalizer" daemon [_thread_blocked, id=8659, stack(0x79d69000,0x79dba000)]
  0x09e52000 JavaThread "Reference Handler" daemon [_thread_blocked, id=8658, stack(0x79dba000,0x79e0b000)]
  0x09da6800 JavaThread "main" [_thread_blocked, id=8652, stack(0xb787c000,0xb78cd000)]

Other Threads:
  0x09e4e400 VMThread [stack: 0x79e0b000,0x79e8c000] [id=8657]
  0x79a02800 WatcherThread [stack: 0x7992e000,0x799af000] [id=8673]

VM state:not at safepoint (normal execution)

VM Mutex/Monitor currently owned by a thread: None

Heap
 PSYoungGen      total 14912K, used 1281K [0xa3ad0000, 0xa4b70000, 0xb4570000)
  eden space 12800K, 10% used [0xa3ad0000,0xa3c10418,0xa4750000)
  from space 2112K, 0% used [0xa4960000,0xa4960000,0xa4b70000)
  to   space 2112K, 0% used [0xa4750000,0xa4750000,0xa4960000)
 PSOldGen        total 34112K, used 0K [0x82570000, 0x846c0000, 0xa3ad0000)
  object space 34112K, 0% used [0x82570000,0x82570000,0x846c0000)
 PSPermGen       total 16384K, used 2763K [0x7a570000, 0x7b570000, 0x82570000)
  object space 16384K, 16% used [0x7a570000,0x7a822f30,0x7b570000)

Code Cache  [0xb4633000, 0xb4873000, 0xb7633000)
 total_blobs=104 nmethods=1 adapters=66 free_code_cache=50032256 largest_free_block=7296

Dynamic libraries:
00110000-00114000 r-xp 00000000 07:00 797847     /usr/lib/jvm/java-6-openjdk/jre/lib/i386/jli/libjli.so
00114000-00115000 r--p 00003000 07:00 797847     /usr/lib/jvm/java-6-openjdk/jre/lib/i386/jli/libjli.so
00115000-00116000 rw-p 00004000 07:00 797847     /usr/lib/jvm/java-6-openjdk/jre/lib/i386/jli/libjli.so
00116000-001f4000 r-xp 00000000 07:00 659580     /usr/lib/i386-linux-gnu/libstdc++.so.6.0.16
001f4000-001f5000 ---p 000de000 07:00 659580     /usr/lib/i386-linux-gnu/libstdc++.so.6.0.16
001f5000-001f9000 r--p 000de000 07:00 659580     /usr/lib/i386-linux-gnu/libstdc++.so.6.0.16
001f9000-001fa000 rw-p 000e2000 07:00 659580     /usr/lib/i386-linux-gnu/libstdc++.so.6.0.16
001fa000-00201000 rw-p 00000000 00:00 0 
00201000-00229000 r-xp 00000000 07:00 1047492    /lib/i386-linux-gnu/libm-2.13.so
00229000-0022a000 r--p 00028000 07:00 1047492    /lib/i386-linux-gnu/libm-2.13.so
0022a000-0022b000 rw-p 00029000 07:00 1047492    /lib/i386-linux-gnu/libm-2.13.so
0022b000-00247000 r-xp 00000000 07:00 1047483    /lib/i386-linux-gnu/libgcc_s.so.1
00247000-00248000 r--p 0001b000 07:00 1047483    /lib/i386-linux-gnu/libgcc_s.so.1
00248000-00249000 rw-p 0001c000 07:00 1047483    /lib/i386-linux-gnu/libgcc_s.so.1
00249000-00250000 r-xp 00000000 07:00 1047526    /lib/i386-linux-gnu/librt-2.13.so
00250000-00251000 r--p 00006000 07:00 1047526    /lib/i386-linux-gnu/librt-2.13.so
00251000-00252000 rw-p 00007000 07:00 1047526    /lib/i386-linux-gnu/librt-2.13.so
00252000-00255000 r-xp 00000000 07:00 797838     /usr/lib/jvm/java-6-openjdk/jre/lib/i386/libnpt.so
00255000-00256000 r--p 00002000 07:00 797838     /usr/lib/jvm/java-6-openjdk/jre/lib/i386/libnpt.so
00256000-00257000 rw-p 00003000 07:00 797838     /usr/lib/jvm/java-6-openjdk/jre/lib/i386/libnpt.so
00257000-0026c000 r-xp 00000000 07:00 1047497    /lib/i386-linux-gnu/libnsl-2.13.so
0026c000-0026d000 r--p 00015000 07:00 1047497    /lib/i386-linux-gnu/libnsl-2.13.so
0026d000-0026e000 rw-p 00016000 07:00 1047497    /lib/i386-linux-gnu/libnsl-2.13.so
0026e000-00270000 rw-p 00000000 00:00 0 
00270000-0027a000 r-xp 00000000 07:00 1047507    /lib/i386-linux-gnu/libnss_nis-2.13.so
0027a000-0027b000 r--p 00009000 07:00 1047507    /lib/i386-linux-gnu/libnss_nis-2.13.so
0027b000-0027c000 rw-p 0000a000 07:00 1047507    /lib/i386-linux-gnu/libnss_nis-2.13.so
0027c000-00283000 r-xp 00000000 07:00 797844     /usr/lib/jvm/java-6-openjdk/jre/lib/i386/libzip.so
00283000-00284000 r--p 00006000 07:00 797844     /usr/lib/jvm/java-6-openjdk/jre/lib/i386/libzip.so
00284000-00285000 rw-p 00007000 07:00 797844     /usr/lib/jvm/java-6-openjdk/jre/lib/i386/libzip.so
00285000-00289000 r-xp 00000000 07:00 797867     /usr/lib/jvm/java-6-openjdk/jre/lib/i386/libdt_socket.so
00289000-0028a000 r--p 00003000 07:00 797867     /usr/lib/jvm/java-6-openjdk/jre/lib/i386/libdt_socket.so
0028a000-0028b000 rw-p 00004000 07:00 797867     /usr/lib/jvm/java-6-openjdk/jre/lib/i386/libdt_socket.so
0028b000-002a0000 r-xp 00000000 07:00 797870     /usr/lib/jvm/java-6-openjdk/jre/lib/i386/libnet.so
002a0000-002a1000 r--p 00014000 07:00 797870     /usr/lib/jvm/java-6-openjdk/jre/lib/i386/libnet.so
002a1000-002a2000 rw-p 00015000 07:00 797870     /usr/lib/jvm/java-6-openjdk/jre/lib/i386/libnet.so
002a2000-002aa000 r-xp 00000000 07:00 797843     /usr/lib/jvm/java-6-openjdk/jre/lib/i386/libnio.so
002aa000-002ab000 r--p 00007000 07:00 797843     /usr/lib/jvm/java-6-openjdk/jre/lib/i386/libnio.so
002ab000-002ac000 rw-p 00008000 07:00 797843     /usr/lib/jvm/java-6-openjdk/jre/lib/i386/libnio.so
002d7000-002fd000 r-xp 00000000 07:00 797839     /usr/lib/jvm/java-6-openjdk/jre/lib/i386/libjava.so
002fd000-002fe000 r--p 00025000 07:00 797839     /usr/lib/jvm/java-6-openjdk/jre/lib/i386/libjava.so
002fe000-00300000 rw-p 00026000 07:00 797839     /usr/lib/jvm/java-6-openjdk/jre/lib/i386/libjava.so
00413000-00414000 r-xp 00000000 00:00 0          [vdso]
004ec000-004f7000 r-xp 00000000 07:00 797862     /usr/lib/jvm/java-6-openjdk/jre/lib/i386/libverify.so
004f7000-004f8000 ---p 0000b000 07:00 797862     /usr/lib/jvm/java-6-openjdk/jre/lib/i386/libverify.so
004f8000-004f9000 r--p 0000b000 07:00 797862     /usr/lib/jvm/java-6-openjdk/jre/lib/i386/libverify.so
004f9000-004fa000 rw-p 0000c000 07:00 797862     /usr/lib/jvm/java-6-openjdk/jre/lib/i386/libverify.so
006ff000-00712000 r-xp 00000000 07:00 1047545    /lib/i386-linux-gnu/libz.so.1.2.3.4
00712000-00713000 r--p 00012000 07:00 1047545    /lib/i386-linux-gnu/libz.so.1.2.3.4
00713000-00714000 rw-p 00013000 07:00 1047545    /lib/i386-linux-gnu/libz.so.1.2.3.4
00858000-0085b000 r-xp 00000000 07:00 1047473    /lib/i386-linux-gnu/libdl-2.13.so
0085b000-0085c000 r--p 00002000 07:00 1047473    /lib/i386-linux-gnu/libdl-2.13.so
0085c000-0085d000 rw-p 00003000 07:00 1047473    /lib/i386-linux-gnu/libdl-2.13.so
0086e000-008ac000 r-xp 00000000 07:00 797868     /usr/lib/jvm/java-6-openjdk/jre/lib/i386/libjdwp.so
008ac000-008ad000 r--p 0003d000 07:00 797868     /usr/lib/jvm/java-6-openjdk/jre/lib/i386/libjdwp.so
008ad000-008ae000 rw-p 0003e000 07:00 797868     /usr/lib/jvm/java-6-openjdk/jre/lib/i386/libjdwp.so
0091d000-00925000 r-xp 00000000 07:00 1047499    /lib/i386-linux-gnu/libnss_compat-2.13.so
00925000-00926000 r--p 00007000 07:00 1047499    /lib/i386-linux-gnu/libnss_compat-2.13.so
00926000-00927000 rw-p 00008000 07:00 1047499    /lib/i386-linux-gnu/libnss_compat-2.13.so
00957000-00962000 r-xp 00000000 07:00 1047503    /lib/i386-linux-gnu/libnss_files-2.13.so
00962000-00963000 r--p 0000a000 07:00 1047503    /lib/i386-linux-gnu/libnss_files-2.13.so
00963000-00964000 rw-p 0000b000 07:00 1047503    /lib/i386-linux-gnu/libnss_files-2.13.so
009cd000-009e4000 r-xp 00000000 07:00 1047522    /lib/i386-linux-gnu/libpthread-2.13.so
009e4000-009e5000 r--p 00016000 07:00 1047522    /lib/i386-linux-gnu/libpthread-2.13.so
009e5000-009e6000 rw-p 00017000 07:00 1047522    /lib/i386-linux-gnu/libpthread-2.13.so
009e6000-009e8000 rw-p 00000000 00:00 0 
00add000-00afb000 r-xp 00000000 07:00 1047449    /lib/i386-linux-gnu/ld-2.13.so
00afb000-00afc000 r--p 0001d000 07:00 1047449    /lib/i386-linux-gnu/ld-2.13.so
00afc000-00afd000 rw-p 0001e000 07:00 1047449    /lib/i386-linux-gnu/ld-2.13.so
00b08000-00c7e000 r-xp 00000000 07:00 1047462    /lib/i386-linux-gnu/libc-2.13.so
00c7e000-00c80000 r--p 00176000 07:00 1047462    /lib/i386-linux-gnu/libc-2.13.so
00c80000-00c81000 rw-p 00178000 07:00 1047462    /lib/i386-linux-gnu/libc-2.13.so
00c81000-00c84000 rw-p 00000000 00:00 0 
00c84000-014a2000 r-xp 00000000 07:00 797854     /usr/lib/jvm/java-6-openjdk/jre/lib/i386/server/libjvm.so
014a2000-014e7000 r--p 0081e000 07:00 797854     /usr/lib/jvm/java-6-openjdk/jre/lib/i386/server/libjvm.so
014e7000-014f6000 rw-p 00863000 07:00 797854     /usr/lib/jvm/java-6-openjdk/jre/lib/i386/server/libjvm.so
014f6000-01910000 rw-p 00000000 00:00 0 
08048000-08051000 r-xp 00000000 07:00 794145     /usr/lib/jvm/java-6-openjdk/jre/bin/java
08051000-08052000 r--p 00008000 07:00 794145     /usr/lib/jvm/java-6-openjdk/jre/bin/java
08052000-08053000 rw-p 00009000 07:00 794145     /usr/lib/jvm/java-6-openjdk/jre/bin/java
09d9e000-09f63000 rw-p 00000000 00:00 0          [heap]
79773000-7992e000 rw-p 00000000 00:00 0 
7992e000-7992f000 ---p 00000000 00:00 0 
7992f000-799af000 rw-p 00000000 00:00 0 
799af000-799b2000 ---p 00000000 00:00 0 
799b2000-79a00000 rw-p 00000000 00:00 0 
79a00000-79a67000 rw-p 00000000 00:00 0 
79a67000-79b00000 ---p 00000000 00:00 0 
79b23000-79b26000 ---p 00000000 00:00 0 
79b26000-79ba4000 rw-p 00000000 00:00 0 
79ba4000-79ba7000 ---p 00000000 00:00 0 
79ba7000-79c25000 rw-p 00000000 00:00 0 
79c25000-79c28000 ---p 00000000 00:00 0 
79c28000-79c76000 rw-p 00000000 00:00 0 
79c76000-79c79000 ---p 00000000 00:00 0 
79c79000-79cc7000 rw-p 00000000 00:00 0 
79cc7000-79cca000 ---p 00000000 00:00 0 
79cca000-79d18000 rw-p 00000000 00:00 0 
79d18000-79d1b000 ---p 00000000 00:00 0 
79d1b000-79d69000 rw-p 00000000 00:00 0 
79d69000-79d6c000 ---p 00000000 00:00 0 
79d6c000-79dba000 rw-p 00000000 00:00 0 
79dba000-79dbd000 ---p 00000000 00:00 0 
79dbd000-79e0b000 rw-p 00000000 00:00 0 
79e0b000-79e0c000 ---p 00000000 00:00 0 
79e0c000-79ebf000 rw-p 00000000 00:00 0 
79ebf000-7a050000 r--s 037b8000 07:00 797873     /usr/lib/jvm/java-6-openjdk/jre/lib/rt.jar
7a050000-7a051000 ---p 00000000 00:00 0 
7a051000-7a0d1000 rw-p 00000000 00:00 0 
7a0d1000-7a0d2000 ---p 00000000 00:00 0 
7a0d2000-7a152000 rw-p 00000000 00:00 0 
7a152000-7a153000 ---p 00000000 00:00 0 
7a153000-7a1d3000 rw-p 00000000 00:00 0 
7a1d3000-7a1d4000 ---p 00000000 00:00 0 
7a1d4000-7a25c000 rw-p 00000000 00:00 0 
7a25c000-7a294000 rw-p 00000000 00:00 0 
7a294000-7a2a5000 rw-p 00000000 00:00 0 
7a2a5000-7a39f000 rw-p 00000000 00:00 0 
7a39f000-7a3a7000 rw-p 00000000 00:00 0 
7a3a7000-7a3df000 rw-p 00000000 00:00 0 
7a3df000-7a3f0000 rw-p 00000000 00:00 0 
7a3f0000-7a4e9000 rw-p 00000000 00:00 0 
7a4e9000-7a4f2000 rw-p 00000000 00:00 0 
7a4f2000-7a56f000 rw-p 00000000 00:00 0 
7a56f000-7b570000 rw-p 00000000 00:00 0 
7b570000-82570000 rw-p 00000000 00:00 0 
82570000-846c0000 rw-p 00000000 00:00 0 
846c0000-a3ad0000 rw-p 00000000 00:00 0 
a3ad0000-a4b70000 rw-p 00000000 00:00 0 
a4b70000-b4570000 rw-p 00000000 00:00 0 
b4573000-b457c000 rw-p 00000000 00:00 0 
b457c000-b4633000 rw-p 00000000 00:00 0 
b4633000-b4873000 rwxp 00000000 00:00 0 
b4873000-b7633000 rw-p 00000000 00:00 0 
b7633000-b763b000 rw-s 00000000 07:00 268756     /tmp/hsperfdata_ashish/8646
b763b000-b763c000 r--p 0043a000 07:00 661771     /usr/lib/locale/locale-archive
b763c000-b767c000 r--p 002bd000 07:00 661771     /usr/lib/locale/locale-archive
b767c000-b787c000 r--p 00000000 07:00 661771     /usr/lib/locale/locale-archive
b787c000-b787f000 ---p 00000000 00:00 0 
b787f000-b78d0000 rw-p 00000000 00:00 0 
b78d3000-b78d4000 rw-p 00000000 00:00 0 
b78d4000-b78dc000 r--s 00066000 07:00 932431     /usr/share/java/gnome-java-bridge.jar
b78dc000-b78de000 r--s 0000f000 07:00 797828     /usr/lib/jvm/java-6-openjdk/jre/lib/ext/pulse-java.jar
b78de000-b78df000 rw-p 00000000 00:00 0 
b78df000-b78e0000 r--p 00000000 00:00 0 
b78e0000-b78e2000 rw-p 00000000 00:00 0 
bf90b000-bf92c000 rw-p 00000000 00:00 0          [stack]

VM Arguments:
jvm_args: -agentlib:jdwp=transport=dt_socket,suspend=y,address=localhost:35023 -Dfile.encoding=UTF-8 
java_command: mirroruniverse.sim.MirrorUniverse
Launcher Type: SUN_STANDARD

Environment Variables:
PATH=/usr/lib/lightdm/lightdm:/usr/local/sbin:/usr/local/bin:/usr/sbin:/usr/bin:/sbin:/bin:/usr/games
USERNAME=ashish
LD_LIBRARY_PATH=/usr/lib/jvm/java-6-openjdk/jre/lib/i386/server:/usr/lib/jvm/java-6-openjdk/jre/lib/i386:/usr/lib/jvm/java-6-openjdk/jre/../lib/i386:/usr/lib/jvm/java-6-openjdk/jre/lib/i386/client:/usr/lib/jvm/java-6-openjdk/jre/lib/i386:
SHELL=/bin/bash
DISPLAY=:0

Signal Handlers:
SIGSEGV: [libjvm.so+0x66a530], sa_mask[0]=0x7ffbfeff, sa_flags=0x10000004
SIGBUS: [libjvm.so+0x66a530], sa_mask[0]=0x7ffbfeff, sa_flags=0x10000004
SIGFPE: [libjvm.so+0x52e2c0], sa_mask[0]=0x7ffbfeff, sa_flags=0x10000004
SIGPIPE: [libjvm.so+0x52e2c0], sa_mask[0]=0x7ffbfeff, sa_flags=0x10000004
SIGXFSZ: [libjvm.so+0x52e2c0], sa_mask[0]=0x7ffbfeff, sa_flags=0x10000004
SIGILL: [libjvm.so+0x52e2c0], sa_mask[0]=0x7ffbfeff, sa_flags=0x10000004
SIGUSR1: SIG_DFL, sa_mask[0]=0x00000000, sa_flags=0x00000000
SIGUSR2: [libjvm.so+0x52e150], sa_mask[0]=0x00000004, sa_flags=0x10000004
SIGHUP: [libjvm.so+0x5311f0], sa_mask[0]=0x7ffbfeff, sa_flags=0x10000004
SIGINT: [libjvm.so+0x5311f0], sa_mask[0]=0x7ffbfeff, sa_flags=0x10000004
SIGTERM: [libjvm.so+0x5311f0], sa_mask[0]=0x7ffbfeff, sa_flags=0x10000004
SIGQUIT: [libjvm.so+0x5311f0], sa_mask[0]=0x7ffbfeff, sa_flags=0x10000004


---------------  S Y S T E M  ---------------

OS:Ubuntu 11.10 (oneiric)
uname:Linux 3.0.0-12-generic #20-Ubuntu SMP Fri Oct 7 14:50:42 UTC 2011 i686
libc:glibc 2.13 NPTL 2.13 
rlimit: STACK 8192k, CORE 0k, NPROC 25432, NOFILE 4096, AS infinity
load average:0.17 0.15 0.17

/proc/meminfo:
MemTotal:        3269404 kB
MemFree:          342316 kB
Buffers:          645296 kB
Cached:          1594660 kB
SwapCached:          836 kB
Active:           992412 kB
Inactive:        1841688 kB
Active(anon):     614696 kB
Inactive(anon):   179196 kB
Active(file):     377716 kB
Inactive(file):  1662492 kB
Unevictable:        1304 kB
Mlocked:              16 kB
HighTotal:       2411500 kB
HighFree:         208144 kB
LowTotal:         857904 kB
LowFree:          134172 kB
SwapTotal:        262136 kB
SwapFree:         261300 kB
Dirty:              1456 kB
Writeback:             0 kB
AnonPages:        595092 kB
Mapped:           140836 kB
Shmem:            198188 kB
Slab:              46768 kB
SReclaimable:      30036 kB
SUnreclaim:        16732 kB
KernelStack:        3224 kB
PageTables:         7788 kB
NFS_Unstable:          0 kB
Bounce:                0 kB
WritebackTmp:          0 kB
CommitLimit:     1896836 kB
Committed_AS:    2754956 kB
VmallocTotal:     122880 kB
VmallocUsed:       32260 kB
VmallocChunk:      84464 kB
HardwareCorrupted:     0 kB
AnonHugePages:         0 kB
HugePages_Total:       0
HugePages_Free:        0
HugePages_Rsvd:        0
HugePages_Surp:        0
Hugepagesize:       4096 kB
DirectMap4k:       16376 kB
DirectMap4M:      892928 kB


CPU:total 4 (2 cores per cpu, 2 threads per core) family 6 model 42 stepping 7, cmov, cx8, fxsr, mmx, sse, sse2, sse3, ssse3, sse4.1, sse4.2, popcnt, ht

Memory: 4k page, physical 3269404k(342316k free), swap 262136k(261300k free)

vm_info: OpenJDK Server VM (20.0-b11) for linux-x86 JRE (1.6.0_23-b23), built on Oct 22 2011 01:02:34 by "buildd" with gcc 4.6.1

time: Sat Nov 26 15:08:16 2011
elapsed time: 36 seconds

